0 info it worked if it ends with ok
1 verbose cli [
1 verbose cli   'C:\\Program Files\\nodejs\\node.exe',
1 verbose cli   'C:\\Program Files\\nodejs\\node_modules\\npm\\bin\\npm-cli.js',
1 verbose cli   'run',
1 verbose cli   'test',
1 verbose cli   '--no-cache'
1 verbose cli ]
2 info using npm@6.13.4
3 info using node@v12.14.1
4 verbose run-script [ 'pretest', 'test', 'posttest' ]
5 info lifecycle todoList@1.0.0~pretest: todoList@1.0.0
6 info lifecycle todoList@1.0.0~test: todoList@1.0.0
7 verbose lifecycle todoList@1.0.0~test: unsafe-perm in lifecycle true
8 verbose lifecycle todoList@1.0.0~test: PATH: C:\Program Files\nodejs\node_modules\npm\node_modules\npm-lifecycle\node-gyp-bin;C:\Users\hp\Desktop\microverse\js\JS-TodoList\node_modules\.bin;C:\Program Files (x86)\Common Files\Oracle\Java\javapath;C:\WINDOWS\system32;C:\WINDOWS;C:\WINDOWS\System32\Wbem;C:\WINDOWS\System32\WindowsPowerShell\v1.0\;C:\WINDOWS\System32\OpenSSH\;C:\Program Files\Git\cmd;C:\Program Files (x86)\Yarn\bin\;C:\Program Files\Git\bin;C:\Users\hp\AppData\Roaming\nvm;C:\Program Files\nodejs;C:\Program Files\nodejs\;C:\Program Files\dotnet\;C:\ProgramData\chocolatey\bin;C:\Users\hp\AppData\Local\Programs\Python\Python38-32\Scripts\;C:\Users\hp\AppData\Local\Programs\Python\Python38-32\;C:\Ruby\bin;C:\Users\hp\AppData\Local\Microsoft\WindowsApps;C:\Users\hp\AppData\Local\Programs\Microsoft VS Code\bin;C:\Users\hp\AppData\Local\hyper\app-3.0.2\resources\bin;C:\Users\hp\AppData\Local\Yarn\bin;C:\Program Files\heroku\bin;C:\Users\hp\AppData\Roaming\nvm;C:\Program Files\nodejs;C:\Users\hp\AppData\Roaming\npm;C:\Users\hp\AppData\Local\Android\Sdk\platform-tools;C:\Users\hp\AppData\Local\Android\Sdk;C:\Users\hp\AppData\Local\GitHubDesktop\bin;%USERPROFILE%\AppData\Local\Microsoft\WindowsApps;
9 verbose lifecycle todoList@1.0.0~test: CWD: C:\Users\hp\Desktop\microverse\js\JS-TodoList
10 silly lifecycle todoList@1.0.0~test: Args: [ '/d /s /c', 'jest --verbose' ]
11 silly lifecycle todoList@1.0.0~test: Returned: code: 1  signal: null
12 info lifecycle todoList@1.0.0~test: Failed to exec test script
13 verbose stack Error: todoList@1.0.0 test: `jest --verbose`
13 verbose stack Exit status 1
13 verbose stack     at EventEmitter.<anonymous> (C:\Program Files\nodejs\node_modules\npm\node_modules\npm-lifecycle\index.js:332:16)
13 verbose stack     at EventEmitter.emit (events.js:223:5)
13 verbose stack     at ChildProcess.<anonymous> (C:\Program Files\nodejs\node_modules\npm\node_modules\npm-lifecycle\lib\spawn.js:55:14)
13 verbose stack     at ChildProcess.emit (events.js:223:5)
13 verbose stack     at maybeClose (internal/child_process.js:1021:16)
13 verbose stack     at Process.ChildProcess._handle.onexit (internal/child_process.js:283:5)
14 verbose pkgid todoList@1.0.0
15 verbose cwd C:\Users\hp\Desktop\microverse\js\JS-TodoList
16 verbose Windows_NT 10.0.18363
17 verbose argv "C:\\Program Files\\nodejs\\node.exe" "C:\\Program Files\\nodejs\\node_modules\\npm\\bin\\npm-cli.js" "run" "test" "--no-cache"
18 verbose node v12.14.1
19 verbose npm  v6.13.4
20 error code ELIFECYCLE
21 error errno 1
22 error todoList@1.0.0 test: `jest --verbose`
22 error Exit status 1
23 error Failed at the todoList@1.0.0 test script.
23 error This is probably not a problem with npm. There is likely additional logging output above.
24 verbose exit [ 1, true ]
